  entry_test.cpp
D:\Код C++\CArray-Proj\packages\gtest.1.7.0\build\native\include\gtest\gtest-printers.h(497,46): error C4996:  'std::tr1': warning STL4002: The non-Standard std::tr1 namespace and TR1-only machinery are deprecated and will be REMOVED. You can define _SILENCE_TR1_NAMESPACE_DEPRECATION_WARNING to acknowledge that you have received this warning.
D:\Visual Studio\VC\Tools\MSVC\14.21.27702\include\tuple(912): message :   см. объявление "std::tr1"
D:\Код C++\CArray-Proj\packages\gtest.1.7.0\build\native\include\gtest\gtest-printers.h(502,1): error C4996:  'std::tr1': warning STL4002: The non-Standard std::tr1 namespace and TR1-only machinery are deprecated and will be REMOVED. You can define _SILENCE_TR1_NAMESPACE_DEPRECATION_WARNING to acknowledge that you have received this warning.
D:\Visual Studio\VC\Tools\MSVC\14.21.27702\include\tuple(912): message :   см. объявление "std::tr1"
D:\Код C++\CArray-Proj\packages\gtest.1.7.0\build\native\include\gtest\gtest-printers.h(507,1): error C4996:  'std::tr1': warning STL4002: The non-Standard std::tr1 namespace and TR1-only machinery are deprecated and will be REMOVED. You can define _SILENCE_TR1_NAMESPACE_DEPRECATION_WARNING to acknowledge that you have received this warning.
D:\Visual Studio\VC\Tools\MSVC\14.21.27702\include\tuple(912): message :   см. объявление "std::tr1"
D:\Код C++\CArray-Proj\packages\gtest.1.7.0\build\native\include\gtest\gtest-printers.h(512,1): error C4996:  'std::tr1': warning STL4002: The non-Standard std::tr1 namespace and TR1-only machinery are deprecated and will be REMOVED. You can define _SILENCE_TR1_NAMESPACE_DEPRECATION_WARNING to acknowledge that you have received this warning.
D:\Visual Studio\VC\Tools\MSVC\14.21.27702\include\tuple(912): message :   см. объявление "std::tr1"
D:\Код C++\CArray-Proj\packages\gtest.1.7.0\build\native\include\gtest\gtest-printers.h(517,1): error C4996:  'std::tr1': warning STL4002: The non-Standard std::tr1 namespace and TR1-only machinery are deprecated and will be REMOVED. You can define _SILENCE_TR1_NAMESPACE_DEPRECATION_WARNING to acknowledge that you have received this warning.
D:\Visual Studio\VC\Tools\MSVC\14.21.27702\include\tuple(912): message :   см. объявление "std::tr1"
D:\Код C++\CArray-Proj\packages\gtest.1.7.0\build\native\include\gtest\gtest-printers.h(522,1): error C4996:  'std::tr1': warning STL4002: The non-Standard std::tr1 namespace and TR1-only machinery are deprecated and will be REMOVED. You can define _SILENCE_TR1_NAMESPACE_DEPRECATION_WARNING to acknowledge that you have received this warning.
D:\Visual Studio\VC\Tools\MSVC\14.21.27702\include\tuple(912): message :   см. объявление "std::tr1"
D:\Код C++\CArray-Proj\packages\gtest.1.7.0\build\native\include\gtest\gtest-printers.h(529,1): error C4996:  'std::tr1': warning STL4002: The non-Standard std::tr1 namespace and TR1-only machinery are deprecated and will be REMOVED. You can define _SILENCE_TR1_NAMESPACE_DEPRECATION_WARNING to acknowledge that you have received this warning.
D:\Visual Studio\VC\Tools\MSVC\14.21.27702\include\tuple(912): message :   см. объявление "std::tr1"
D:\Код C++\CArray-Proj\packages\gtest.1.7.0\build\native\include\gtest\gtest-printers.h(536,1): error C4996:  'std::tr1': warning STL4002: The non-Standard std::tr1 namespace and TR1-only machinery are deprecated and will be REMOVED. You can define _SILENCE_TR1_NAMESPACE_DEPRECATION_WARNING to acknowledge that you have received this warning.
D:\Visual Studio\VC\Tools\MSVC\14.21.27702\include\tuple(912): message :   см. объявление "std::tr1"
D:\Код C++\CArray-Proj\packages\gtest.1.7.0\build\native\include\gtest\gtest-printers.h(543,1): error C4996:  'std::tr1': warning STL4002: The non-Standard std::tr1 namespace and TR1-only machinery are deprecated and will be REMOVED. You can define _SILENCE_TR1_NAMESPACE_DEPRECATION_WARNING to acknowledge that you have received this warning.
D:\Visual Studio\VC\Tools\MSVC\14.21.27702\include\tuple(912): message :   см. объявление "std::tr1"
D:\Код C++\CArray-Proj\packages\gtest.1.7.0\build\native\include\gtest\gtest-printers.h(550,1): error C4996:  'std::tr1': warning STL4002: The non-Standard std::tr1 namespace and TR1-only machinery are deprecated and will be REMOVED. You can define _SILENCE_TR1_NAMESPACE_DEPRECATION_WARNING to acknowledge that you have received this warning.
D:\Visual Studio\VC\Tools\MSVC\14.21.27702\include\tuple(912): message :   см. объявление "std::tr1"
D:\Код C++\CArray-Proj\packages\gtest.1.7.0\build\native\include\gtest\gtest-printers.h(558,1): error C4996:  'std::tr1': warning STL4002: The non-Standard std::tr1 namespace and TR1-only machinery are deprecated and will be REMOVED. You can define _SILENCE_TR1_NAMESPACE_DEPRECATION_WARNING to acknowledge that you have received this warning.
D:\Visual Studio\VC\Tools\MSVC\14.21.27702\include\tuple(912): message :   см. объявление "std::tr1"
D:\Код C++\CArray-Proj\packages\gtest.1.7.0\build\native\include\gtest\gtest-printers.h(820,1): error C4996:  'std::tr1': warning STL4002: The non-Standard std::tr1 namespace and TR1-only machinery are deprecated and will be REMOVED. You can define _SILENCE_TR1_NAMESPACE_DEPRECATION_WARNING to acknowledge that you have received this warning.
D:\Visual Studio\VC\Tools\MSVC\14.21.27702\include\tuple(912): message :   см. объявление "std::tr1"
D:\Код C++\CArray-Proj\packages\gtest.1.7.0\build\native\include\gtest\gtest-printers.h(820,1): message :  Сообщение диагностики возникло в созданной компилятором функции "void testing::internal::TuplePrefixPrinter<1>::TersePrintPrefixToStrings(const Tuple &,testing::internal::Strings *)"
D:\Код C++\CArray-Proj\packages\gtest.1.7.0\build\native\include\gtest\internal\gtest-param-util-generated.h(3160,2): error C4996:  'std::tr1': warning STL4002: The non-Standard std::tr1 namespace and TR1-only machinery are deprecated and will be REMOVED. You can define _SILENCE_TR1_NAMESPACE_DEPRECATION_WARNING to acknowledge that you have received this warning.
D:\Visual Studio\VC\Tools\MSVC\14.21.27702\include\tuple(912): message :   см. объявление "std::tr1"
D:\Код C++\CArray-Proj\packages\gtest.1.7.0\build\native\include\gtest\internal\gtest-param-util-generated.h(3270): message :  выполняется компиляция ссылки на экземпляр класс шаблон функции "testing::internal::CartesianProductGenerator2<T1,T2>"
D:\Код C++\CArray-Proj\packages\gtest.1.7.0\build\native\include\gtest\internal\gtest-param-util-generated.h(3162,1): error C4996:  'std::tr1': warning STL4002: The non-Standard std::tr1 namespace and TR1-only machinery are deprecated and will be REMOVED. You can define _SILENCE_TR1_NAMESPACE_DEPRECATION_WARNING to acknowledge that you have received this warning.
D:\Visual Studio\VC\Tools\MSVC\14.21.27702\include\tuple(912): message :   см. объявление "std::tr1"
D:\Код C++\CArray-Proj\packages\gtest.1.7.0\build\native\include\gtest\internal\gtest-param-util-generated.h(3275,2): error C4996:  'std::tr1': warning STL4002: The non-Standard std::tr1 namespace and TR1-only machinery are deprecated and will be REMOVED. You can define _SILENCE_TR1_NAMESPACE_DEPRECATION_WARNING to acknowledge that you have received this warning.
D:\Visual Studio\VC\Tools\MSVC\14.21.27702\include\tuple(912): message :   см. объявление "std::tr1"
D:\Код C++\CArray-Proj\packages\gtest.1.7.0\build\native\include\gtest\internal\gtest-param-util-generated.h(3402): message :  выполняется компиляция ссылки на экземпляр класс шаблон функции "testing::internal::CartesianProductGenerator3<T1,T2,T3>"
D:\Код C++\CArray-Proj\packages\gtest.1.7.0\build\native\include\gtest\internal\gtest-param-util-generated.h(3277,1): error C4996:  'std::tr1': warning STL4002: The non-Standard std::tr1 namespace and TR1-only machinery are deprecated and will be REMOVED. You can define _SILENCE_TR1_NAMESPACE_DEPRECATION_WARNING to acknowledge that you have received this warning.
D:\Visual Studio\VC\Tools\MSVC\14.21.27702\include\tuple(912): message :   см. объявление "std::tr1"
D:\Код C++\CArray-Proj\packages\gtest.1.7.0\build\native\include\gtest\internal\gtest-param-util-generated.h(3407,2): error C4996:  'std::tr1': warning STL4002: The non-Standard std::tr1 namespace and TR1-only machinery are deprecated and will be REMOVED. You can define _SILENCE_TR1_NAMESPACE_DEPRECATION_WARNING to acknowledge that you have received this warning.
D:\Visual Studio\VC\Tools\MSVC\14.21.27702\include\tuple(912): message :   см. объявление "std::tr1"
D:\Код C++\CArray-Proj\packages\gtest.1.7.0\build\native\include\gtest\internal\gtest-param-util-generated.h(3553): message :  выполняется компиляция ссылки на экземпляр класс шаблон функции "testing::internal::CartesianProductGenerator4<T1,T2,T3,T4>"
D:\Код C++\CArray-Proj\packages\gtest.1.7.0\build\native\include\gtest\internal\gtest-param-util-generated.h(3409,1): error C4996:  'std::tr1': warning STL4002: The non-Standard std::tr1 namespace and TR1-only machinery are deprecated and will be REMOVED. You can define _SILENCE_TR1_NAMESPACE_DEPRECATION_WARNING to acknowledge that you have received this warning.
D:\Visual Studio\VC\Tools\MSVC\14.21.27702\include\tuple(912): message :   см. объявление "std::tr1"
D:\Код C++\CArray-Proj\packages\gtest.1.7.0\build\native\include\gtest\internal\gtest-param-util-generated.h(3558,2): error C4996:  'std::tr1': warning STL4002: The non-Standard std::tr1 namespace and TR1-only machinery are deprecated and will be REMOVED. You can define _SILENCE_TR1_NAMESPACE_DEPRECATION_WARNING to acknowledge that you have received this warning.
D:\Visual Studio\VC\Tools\MSVC\14.21.27702\include\tuple(912): message :   см. объявление "std::tr1"
D:\Код C++\CArray-Proj\packages\gtest.1.7.0\build\native\include\gtest\internal\gtest-param-util-generated.h(3720): message :  выполняется компиляция ссылки на экземпляр класс шаблон функции "testing::internal::CartesianProductGenerator5<T1,T2,T3,T4,T5>"
D:\Код C++\CArray-Proj\packages\gtest.1.7.0\build\native\include\gtest\internal\gtest-param-util-generated.h(3560,1): error C4996:  'std::tr1': warning STL4002: The non-Standard std::tr1 namespace and TR1-only machinery are deprecated and will be REMOVED. You can define _SILENCE_TR1_NAMESPACE_DEPRECATION_WARNING to acknowledge that you have received this warning.
D:\Visual Studio\VC\Tools\MSVC\14.21.27702\include\tuple(912): message :   см. объявление "std::tr1"
D:\Код C++\CArray-Proj\packages\gtest.1.7.0\build\native\include\gtest\internal\gtest-param-util-generated.h(3727,1): error C4996:  'std::tr1': warning STL4002: The non-Standard std::tr1 namespace and TR1-only machinery are deprecated and will be REMOVED. You can define _SILENCE_TR1_NAMESPACE_DEPRECATION_WARNING to acknowledge that you have received this warning.
D:\Visual Studio\VC\Tools\MSVC\14.21.27702\include\tuple(912): message :   см. объявление "std::tr1"
D:\Код C++\CArray-Proj\packages\gtest.1.7.0\build\native\include\gtest\internal\gtest-param-util-generated.h(3906): message :  выполняется компиляция ссылки на экземпляр класс шаблон функции "testing::internal::CartesianProductGenerator6<T1,T2,T3,T4,T5,T6>"
D:\Код C++\CArray-Proj\packages\gtest.1.7.0\build\native\include\gtest\internal\gtest-param-util-generated.h(3729,1): error C4996:  'std::tr1': warning STL4002: The non-Standard std::tr1 namespace and TR1-only machinery are deprecated and will be REMOVED. You can define _SILENCE_TR1_NAMESPACE_DEPRECATION_WARNING to acknowledge that you have received this warning.
D:\Visual Studio\VC\Tools\MSVC\14.21.27702\include\tuple(912): message :   см. объявление "std::tr1"
D:\Код C++\CArray-Proj\packages\gtest.1.7.0\build\native\include\gtest\internal\gtest-param-util-generated.h(3913,1): error C4996:  'std::tr1': warning STL4002: The non-Standard std::tr1 namespace and TR1-only machinery are deprecated and will be REMOVED. You can define _SILENCE_TR1_NAMESPACE_DEPRECATION_WARNING to acknowledge that you have received this warning.
D:\Visual Studio\VC\Tools\MSVC\14.21.27702\include\tuple(912): message :   см. объявление "std::tr1"
D:\Код C++\CArray-Proj\packages\gtest.1.7.0\build\native\include\gtest\internal\gtest-param-util-generated.h(4109): message :  выполняется компиляция ссылки на экземпляр класс шаблон функции "testing::internal::CartesianProductGenerator7<T1,T2,T3,T4,T5,T6,T7>"
D:\Код C++\CArray-Proj\packages\gtest.1.7.0\build\native\include\gtest\internal\gtest-param-util-generated.h(3915,1): error C4996:  'std::tr1': warning STL4002: The non-Standard std::tr1 namespace and TR1-only machinery are deprecated and will be REMOVED. You can define _SILENCE_TR1_NAMESPACE_DEPRECATION_WARNING to acknowledge that you have received this warning.
D:\Visual Studio\VC\Tools\MSVC\14.21.27702\include\tuple(912): message :   см. объявление "std::tr1"
D:\Код C++\CArray-Proj\packages\gtest.1.7.0\build\native\include\gtest\internal\gtest-param-util-generated.h(4116,1): error C4996:  'std::tr1': warning STL4002: The non-Standard std::tr1 namespace and TR1-only machinery are deprecated and will be REMOVED. You can define _SILENCE_TR1_NAMESPACE_DEPRECATION_WARNING to acknowledge that you have received this warning.
D:\Visual Studio\VC\Tools\MSVC\14.21.27702\include\tuple(912): message :   см. объявление "std::tr1"
D:\Код C++\CArray-Proj\packages\gtest.1.7.0\build\native\include\gtest\internal\gtest-param-util-generated.h(4331): message :  выполняется компиляция ссылки на экземпляр класс шаблон функции "testing::internal::CartesianProductGenerator8<T1,T2,T3,T4,T5,T6,T7,T8>"
D:\Код C++\CArray-Proj\packages\gtest.1.7.0\build\native\include\gtest\internal\gtest-param-util-generated.h(4118,1): error C4996:  'std::tr1': warning STL4002: The non-Standard std::tr1 namespace and TR1-only machinery are deprecated and will be REMOVED. You can define _SILENCE_TR1_NAMESPACE_DEPRECATION_WARNING to acknowledge that you have received this warning.
D:\Visual Studio\VC\Tools\MSVC\14.21.27702\include\tuple(912): message :   см. объявление "std::tr1"
D:\Код C++\CArray-Proj\packages\gtest.1.7.0\build\native\include\gtest\internal\gtest-param-util-generated.h(4338,1): error C4996:  'std::tr1': warning STL4002: The non-Standard std::tr1 namespace and TR1-only machinery are deprecated and will be REMOVED. You can define _SILENCE_TR1_NAMESPACE_DEPRECATION_WARNING to acknowledge that you have received this warning.
D:\Visual Studio\VC\Tools\MSVC\14.21.27702\include\tuple(912): message :   см. объявление "std::tr1"
D:\Код C++\CArray-Proj\packages\gtest.1.7.0\build\native\include\gtest\internal\gtest-param-util-generated.h(4570): message :  выполняется компиляция ссылки на экземпляр класс шаблон функции "testing::internal::CartesianProductGenerator9<T1,T2,T3,T4,T5,T6,T7,T8,T9>"
D:\Код C++\CArray-Proj\packages\gtest.1.7.0\build\native\include\gtest\internal\gtest-param-util-generated.h(4340,1): error C4996:  'std::tr1': warning STL4002: The non-Standard std::tr1 namespace and TR1-only machinery are deprecated and will be REMOVED. You can define _SILENCE_TR1_NAMESPACE_DEPRECATION_WARNING to acknowledge that you have received this warning.
D:\Visual Studio\VC\Tools\MSVC\14.21.27702\include\tuple(912): message :   см. объявление "std::tr1"
D:\Код C++\CArray-Proj\packages\gtest.1.7.0\build\native\include\gtest\internal\gtest-param-util-generated.h(4577,1): error C4996:  'std::tr1': warning STL4002: The non-Standard std::tr1 namespace and TR1-only machinery are deprecated and will be REMOVED. You can define _SILENCE_TR1_NAMESPACE_DEPRECATION_WARNING to acknowledge that you have received this warning.
D:\Visual Studio\VC\Tools\MSVC\14.21.27702\include\tuple(912): message :   см. объявление "std::tr1"
D:\Код C++\CArray-Proj\packages\gtest.1.7.0\build\native\include\gtest\internal\gtest-param-util-generated.h(4826): message :  выполняется компиляция ссылки на экземпляр класс шаблон функции "testing::internal::CartesianProductGenerator10<T1,T2,T3,T4,T5,T6,T7,T8,T9,T10>"
D:\Код C++\CArray-Proj\packages\gtest.1.7.0\build\native\include\gtest\internal\gtest-param-util-generated.h(4579,1): error C4996:  'std::tr1': warning STL4002: The non-Standard std::tr1 namespace and TR1-only machinery are deprecated and will be REMOVED. You can define _SILENCE_TR1_NAMESPACE_DEPRECATION_WARNING to acknowledge that you have received this warning.
D:\Visual Studio\VC\Tools\MSVC\14.21.27702\include\tuple(912): message :   см. объявление "std::tr1"
D:\Код C++\CArray-Proj\packages\gtest.1.7.0\build\native\include\gtest\internal\gtest-param-util-generated.h(4841,1): error C4996:  'std::tr1': warning STL4002: The non-Standard std::tr1 namespace and TR1-only machinery are deprecated and will be REMOVED. You can define _SILENCE_TR1_NAMESPACE_DEPRECATION_WARNING to acknowledge that you have received this warning.
D:\Visual Studio\VC\Tools\MSVC\14.21.27702\include\tuple(912): message :   см. объявление "std::tr1"
D:\Код C++\CArray-Proj\packages\gtest.1.7.0\build\native\include\gtest\internal\gtest-param-util-generated.h(4854): message :  выполняется компиляция ссылки на экземпляр класс шаблон функции "testing::internal::CartesianProductHolder2<Generator1,Generator2>"
D:\Код C++\CArray-Proj\packages\gtest.1.7.0\build\native\include\gtest\internal\gtest-param-util-generated.h(4863,1): error C4996:  'std::tr1': warning STL4002: The non-Standard std::tr1 namespace and TR1-only machinery are deprecated and will be REMOVED. You can define _SILENCE_TR1_NAMESPACE_DEPRECATION_WARNING to acknowledge that you have received this warning.
D:\Visual Studio\VC\Tools\MSVC\14.21.27702\include\tuple(912): message :   см. объявление "std::tr1"
D:\Код C++\CArray-Proj\packages\gtest.1.7.0\build\native\include\gtest\internal\gtest-param-util-generated.h(4878): message :  выполняется компиляция ссылки на экземпляр класс шаблон функции "testing::internal::CartesianProductHolder3<Generator1,Generator2,Generator3>"
D:\Код C++\CArray-Proj\packages\gtest.1.7.0\build\native\include\gtest\internal\gtest-param-util-generated.h(4888,1): error C4996:  'std::tr1': warning STL4002: The non-Standard std::tr1 namespace and TR1-only machinery are deprecated and will be REMOVED. You can define _SILENCE_TR1_NAMESPACE_DEPRECATION_WARNING to acknowledge that you have received this warning.
D:\Visual Studio\VC\Tools\MSVC\14.21.27702\include\tuple(912): message :   см. объявление "std::tr1"
D:\Код C++\CArray-Proj\packages\gtest.1.7.0\build\native\include\gtest\internal\gtest-param-util-generated.h(4905): message :  выполняется компиляция ссылки на экземпляр класс шаблон функции "testing::internal::CartesianProductHolder4<Generator1,Generator2,Generator3,Generator4>"
D:\Код C++\CArray-Proj\packages\gtest.1.7.0\build\native\include\gtest\internal\gtest-param-util-generated.h(4915,1): error C4996:  'std::tr1': warning STL4002: The non-Standard std::tr1 namespace and TR1-only machinery are deprecated and will be REMOVED. You can define _SILENCE_TR1_NAMESPACE_DEPRECATION_WARNING to acknowledge that you have received this warning.
D:\Visual Studio\VC\Tools\MSVC\14.21.27702\include\tuple(912): message :   см. объявление "std::tr1"
D:\Код C++\CArray-Proj\packages\gtest.1.7.0\build\native\include\gtest\internal\gtest-param-util-generated.h(4934): message :  выполняется компиляция ссылки на экземпляр класс шаблон функции "testing::internal::CartesianProductHolder5<Generator1,Generator2,Generator3,Generator4,Generator5>"
D:\Код C++\CArray-Proj\packages\gtest.1.7.0\build\native\include\gtest\internal\gtest-param-util-generated.h(4946,1): error C4996:  'std::tr1': warning STL4002: The non-Standard std::tr1 namespace and TR1-only machinery are deprecated and will be REMOVED. You can define _SILENCE_TR1_NAMESPACE_DEPRECATION_WARNING to acknowledge that you have received this warning.
D:\Visual Studio\VC\Tools\MSVC\14.21.27702\include\tuple(912): message :   см. объявление "std::tr1"
D:\Код C++\CArray-Proj\packages\gtest.1.7.0\build\native\include\gtest\internal\gtest-param-util-generated.h(4967): message :  выполняется компиляция ссылки на экземпляр класс шаблон функции "testing::internal::CartesianProductHolder6<Generator1,Generator2,Generator3,Generator4,Generator5,Generator6>"
D:\Код C++\CArray-Proj\packages\gtest.1.7.0\build\native\include\gtest\internal\gtest-param-util-generated.h(4980,1): error C4996:  'std::tr1': warning STL4002: The non-Standard std::tr1 namespace and TR1-only machinery are deprecated and will be REMOVED. You can define _SILENCE_TR1_NAMESPACE_DEPRECATION_WARNING to acknowledge that you have received this warning.
D:\Visual Studio\VC\Tools\MSVC\14.21.27702\include\tuple(912): message :   см. объявление "std::tr1"
D:\Код C++\CArray-Proj\packages\gtest.1.7.0\build\native\include\gtest\internal\gtest-param-util-generated.h(5003): message :  выполняется компиляция ссылки на экземпляр класс шаблон функции "testing::internal::CartesianProductHolder7<Generator1,Generator2,Generator3,Generator4,Generator5,Generator6,Generator7>"
D:\Код C++\CArray-Proj\packages\gtest.1.7.0\build\native\include\gtest\internal\gtest-param-util-generated.h(5018,1): error C4996:  'std::tr1': warning STL4002: The non-Standard std::tr1 namespace and TR1-only machinery are deprecated and will be REMOVED. You can define _SILENCE_TR1_NAMESPACE_DEPRECATION_WARNING to acknowledge that you have received this warning.
D:\Visual Studio\VC\Tools\MSVC\14.21.27702\include\tuple(912): message :   см. объявление "std::tr1"
D:\Код C++\CArray-Proj\packages\gtest.1.7.0\build\native\include\gtest\internal\gtest-param-util-generated.h(5043): message :  выполняется компиляция ссылки на экземпляр класс шаблон функции "testing::internal::CartesianProductHolder8<Generator1,Generator2,Generator3,Generator4,Generator5,Generator6,Generator7,Generator8>"
D:\Код C++\CArray-Proj\packages\gtest.1.7.0\build\native\include\gtest\internal\gtest-param-util-generated.h(5059,1): error C4996:  'std::tr1': warning STL4002: The non-Standard std::tr1 namespace and TR1-only machinery are deprecated and will be REMOVED. You can define _SILENCE_TR1_NAMESPACE_DEPRECATION_WARNING to acknowledge that you have received this warning.
D:\Visual Studio\VC\Tools\MSVC\14.21.27702\include\tuple(912): message :   см. объявление "std::tr1"
D:\Код C++\CArray-Proj\packages\gtest.1.7.0\build\native\include\gtest\internal\gtest-param-util-generated.h(5087): message :  выполняется компиляция ссылки на экземпляр класс шаблон функции "testing::internal::CartesianProductHolder9<Generator1,Generator2,Generator3,Generator4,Generator5,Generator6,Generator7,Generator8,Generator9>"
D:\Код C++\CArray-Proj\packages\gtest.1.7.0\build\native\include\gtest\internal\gtest-param-util-generated.h(5103,1): error C4996:  'std::tr1': warning STL4002: The non-Standard std::tr1 namespace and TR1-only machinery are deprecated and will be REMOVED. You can define _SILENCE_TR1_NAMESPACE_DEPRECATION_WARNING to acknowledge that you have received this warning.
D:\Visual Studio\VC\Tools\MSVC\14.21.27702\include\tuple(912): message :   см. объявление "std::tr1"
D:\Код C++\CArray-Proj\packages\gtest.1.7.0\build\native\include\gtest\internal\gtest-param-util-generated.h(5134): message :  выполняется компиляция ссылки на экземпляр класс шаблон функции "testing::internal::CartesianProductHolder10<Generator1,Generator2,Generator3,Generator4,Generator5,Generator6,Generator7,Generator8,Generator9,Generator10>"
D:\Код C++\CArray-Proj\packages\gtest.1.7.0\build\native\include\gtest\gtest-printers.h(827,1): error C4996:  'std::tr1': warning STL4002: The non-Standard std::tr1 namespace and TR1-only machinery are deprecated and will be REMOVED. You can define _SILENCE_TR1_NAMESPACE_DEPRECATION_WARNING to acknowledge that you have received this warning.
D:\Visual Studio\VC\Tools\MSVC\14.21.27702\include\tuple(912): message :   см. объявление "std::tr1"
D:\Код C++\CArray-Proj\packages\gtest.1.7.0\build\native\include\gtest\gtest-printers.h(498): message :  выполняется компиляция ссылки на экземпляр шаблон функции "void testing::internal::PrintTupleTo<std::tuple<>>(const T &,std::ostream *)"
D:\Код C++\CArray-Proj\packages\gtest.1.7.0\build\native\include\gtest\gtest-printers.h(498): message :         with
D:\Код C++\CArray-Proj\packages\gtest.1.7.0\build\native\include\gtest\gtest-printers.h(498): message :         [
D:\Код C++\CArray-Proj\packages\gtest.1.7.0\build\native\include\gtest\gtest-printers.h(498): message :             T=std::tuple<>
D:\Код C++\CArray-Proj\packages\gtest.1.7.0\build\native\include\gtest\gtest-printers.h(498): message :         ]
